@!@!@STARTMSG 2262:0 @!@!@
TLC2 Version 2.16 of 31 December 2020 (rev: cdddf55)
@!@!@ENDMSG 2262 @!@!@
@!@!@STARTMSG 2187:0 @!@!@
Running breadth-first search Model-Checking with fp 45 and seed -5338074004632645566 with 1 worker on 2 cores with 665MB heap and 64MB offheap memory [pid: 4464] (Linux 5.4.0-62-generic amd64, AdoptOpenJDK 14.0.1 x86_64, NoopFPSet, DiskStateQueue).
@!@!@ENDMSG 2187 @!@!@
@!@!@STARTMSG 2220:0 @!@!@
Starting SANY...
@!@!@ENDMSG 2220 @!@!@
Parsing file /home/davd/projects/kaisse/specs/kaisse.toolbox/Model_1/MC.tla
Parsing file /home/davd/projects/kaisse/specs/kaisse.toolbox/Model_1/kaisse.tla
!! WARNING: The PlusCal algorithm in module kaisse has changed since its last translation.
Parsing file /home/davd/Downloads/softs/toolbox/plugins/org.lamport.tlatools_1.0.0.202012311918/tla2sany/StandardModules/TLC.tla
Parsing file /home/davd/Downloads/softs/toolbox/plugins/org.lamport.tlatools_1.0.0.202012311918/tla2sany/StandardModules/Integers.tla
Parsing file /home/davd/Downloads/softs/toolbox/plugins/org.lamport.tlatools_1.0.0.202012311918/tla2sany/StandardModules/Naturals.tla
Parsing file /home/davd/Downloads/softs/toolbox/plugins/org.lamport.tlatools_1.0.0.202012311918/tla2sany/StandardModules/Sequences.tla
Parsing file /home/davd/Downloads/softs/toolbox/plugins/org.lamport.tlatools_1.0.0.202012311918/tla2sany/StandardModules/FiniteSets.tla
Semantic processing of module Naturals
Semantic processing of module Sequences
Semantic processing of module FiniteSets
Semantic processing of module TLC
Semantic processing of module Integers
Semantic processing of module kaisse
Semantic processing of module MC
@!@!@STARTMSG 2219:0 @!@!@
SANY finished.
@!@!@ENDMSG 2219 @!@!@
@!@!@STARTMSG 2185:0 @!@!@
Starting... (2021-01-31 14:23:36)
@!@!@ENDMSG 2185 @!@!@
@!@!@STARTMSG 2105:1 @!@!@
Evaluating assumption line 25, col 8 to line 25, col 65 of module MC failed.
@!@!@STARTMSG 2154:0 @!@!@
Attempted to apply the operator overridden by the Java method
public static tlc2.value.impl.Value tlc2.module.TLC.PrintT(tlc2.value.impl.Value),
but it produced the following error:
Attempted to compute the number of elements in the integer 0.
@!@!@ENDMSG 2154 @!@!@
@!@!@ENDMSG 2105 @!@!@
@!@!@STARTMSG 2186:0 @!@!@
Finished in 3467ms at (2021-01-31 14:23:37)
@!@!@ENDMSG 2186 @!@!@
